2021-04-11 10:39:32.796 [main] INFO  com.fankai.DemoApplication - Starting DemoApplication using Java 1.8.0_131 on fankai with PID 13716 (D:\java\ideaworkspace\workspace\demo\build\classes\java\main started by fk in D:\java\ideaworkspace\workspace\demo)
2021-04-11 10:39:32.798 [main] INFO  com.fankai.DemoApplication - The following profiles are active: dev
2021-04-11 10:39:33.545 [main] INFO  o.s.boot.web.embedded.tomcat.TomcatWebServer - Tomcat initialized with port(s): 8080 (http)
2021-04-11 10:39:33.554 [main] INFO  org.apache.coyote.http11.Http11NioProtocol - Initializing ProtocolHandler ["http-nio-8080"]
2021-04-11 10:39:33.554 [main] INFO  org.apache.catalina.core.StandardService - Starting service [Tomcat]
2021-04-11 10:39:33.562 [main] INFO  org.apache.catalina.core.StandardEngine - Starting Servlet engine: [Apache Tomcat/9.0.44]
2021-04-11 10:39:33.636 [main] INFO  o.a.c.c.ContainerBase.[Tomcat].[localhost].[/demo] - Initializing Spring embedded WebApplicationContext
2021-04-11 10:39:33.636 [main] INFO  o.s.b.w.s.c.ServletWebServerApplicationContext - Root WebApplicationContext: initialization completed in 801 ms
2021-04-11 10:39:33.795 [main] INFO  o.s.scheduling.concurrent.ThreadPoolTaskExecutor - Initializing ExecutorService 'applicationTaskExecutor'
2021-04-11 10:39:33.921 [main] INFO  org.apache.coyote.http11.Http11NioProtocol - Starting ProtocolHandler ["http-nio-8080"]
2021-04-11 10:39:33.938 [main] INFO  o.s.boot.web.embedded.tomcat.TomcatWebServer - Tomcat started on port(s): 8080 (http) with context path '/demo'
2021-04-11 10:39:33.945 [main] INFO  com.fankai.DemoApplication - Started DemoApplication in 1.701 seconds (JVM running for 2.619)
2021-04-11 15:26:41.937 [main] INFO  com.fankai.DemoApplication - Starting DemoApplication using Java 1.8.0_131 on fankai with PID 7124 (D:\java\ideaworkspace\workspace\demo\build\classes\java\main started by fk in D:\java\ideaworkspace\workspace\demo)
2021-04-11 15:26:41.939 [main] INFO  com.fankai.DemoApplication - The following profiles are active: dev
2021-04-11 15:26:42.855 [main] INFO  o.s.boot.web.embedded.tomcat.TomcatWebServer - Tomcat initialized with port(s): 8080 (http)
2021-04-11 15:26:42.872 [main] INFO  org.apache.coyote.http11.Http11NioProtocol - Initializing ProtocolHandler ["http-nio-8080"]
2021-04-11 15:26:42.873 [main] INFO  org.apache.catalina.core.StandardService - Starting service [Tomcat]
2021-04-11 15:26:42.874 [main] INFO  org.apache.catalina.core.StandardEngine - Starting Servlet engine: [Apache Tomcat/9.0.44]
2021-04-11 15:26:42.960 [main] INFO  o.a.c.c.ContainerBase.[Tomcat].[localhost].[/demo] - Initializing Spring embedded WebApplicationContext
2021-04-11 15:26:42.960 [main] INFO  o.s.b.w.s.c.ServletWebServerApplicationContext - Root WebApplicationContext: initialization completed in 969 ms
2021-04-11 15:26:43.126 [main] INFO  o.s.scheduling.concurrent.ThreadPoolTaskExecutor - Initializing ExecutorService 'applicationTaskExecutor'
2021-04-11 15:26:43.275 [main] INFO  org.apache.coyote.http11.Http11NioProtocol - Starting ProtocolHandler ["http-nio-8080"]
2021-04-11 15:26:43.298 [main] INFO  o.s.boot.web.embedded.tomcat.TomcatWebServer - Tomcat started on port(s): 8080 (http) with context path '/demo'
2021-04-11 15:26:43.306 [main] INFO  com.fankai.DemoApplication - Started DemoApplication in 1.966 seconds (JVM running for 3.001)
2021-04-11 15:27:13.754 [http-nio-8080-exec-1] INFO  o.a.c.c.ContainerBase.[Tomcat].[localhost].[/demo] - Initializing Spring DispatcherServlet 'dispatcherServlet'
2021-04-11 15:27:13.755 [http-nio-8080-exec-1] INFO  org.springframework.web.servlet.DispatcherServlet - Initializing Servlet 'dispatcherServlet'
2021-04-11 15:27:13.756 [http-nio-8080-exec-1] INFO  org.springframework.web.servlet.DispatcherServlet - Completed initialization in 1 ms
2021-04-11 15:27:48.518 [main] INFO  com.fankai.DemoApplication - Starting DemoApplication using Java 1.8.0_131 on fankai with PID 1824 (D:\java\ideaworkspace\workspace\demo\build\classes\java\main started by fk in D:\java\ideaworkspace\workspace\demo)
2021-04-11 15:27:48.520 [main] INFO  com.fankai.DemoApplication - The following profiles are active: dev
2021-04-11 15:27:49.332 [main] INFO  o.s.boot.web.embedded.tomcat.TomcatWebServer - Tomcat initialized with port(s): 8080 (http)
2021-04-11 15:27:49.341 [main] INFO  org.apache.coyote.http11.Http11NioProtocol - Initializing ProtocolHandler ["http-nio-8080"]
2021-04-11 15:27:49.342 [main] INFO  org.apache.catalina.core.StandardService - Starting service [Tomcat]
2021-04-11 15:27:49.342 [main] INFO  org.apache.catalina.core.StandardEngine - Starting Servlet engine: [Apache Tomcat/9.0.44]
2021-04-11 15:27:49.420 [main] INFO  o.a.c.c.ContainerBase.[Tomcat].[localhost].[/demo] - Initializing Spring embedded WebApplicationContext
2021-04-11 15:27:49.420 [main] INFO  o.s.b.w.s.c.ServletWebServerApplicationContext - Root WebApplicationContext: initialization completed in 842 ms
2021-04-11 15:27:49.555 [main] INFO  o.s.scheduling.concurrent.ThreadPoolTaskExecutor - Initializing ExecutorService 'applicationTaskExecutor'
2021-04-11 15:27:49.703 [main] INFO  org.apache.coyote.http11.Http11NioProtocol - Starting ProtocolHandler ["http-nio-8080"]
2021-04-11 15:27:49.719 [main] INFO  o.s.boot.web.embedded.tomcat.TomcatWebServer - Tomcat started on port(s): 8080 (http) with context path '/demo'
2021-04-11 15:27:49.727 [main] INFO  com.fankai.DemoApplication - Started DemoApplication in 1.78 seconds (JVM running for 2.613)
2021-04-11 15:28:07.114 [main] INFO  com.fankai.DemoApplication - Starting DemoApplication using Java 1.8.0_131 on fankai with PID 11112 (D:\java\ideaworkspace\workspace\demo\build\classes\java\main started by fk in D:\java\ideaworkspace\workspace\demo)
2021-04-11 15:28:07.117 [main] INFO  com.fankai.DemoApplication - The following profiles are active: dev
2021-04-11 15:28:07.885 [main] INFO  o.s.boot.web.embedded.tomcat.TomcatWebServer - Tomcat initialized with port(s): 8080 (http)
2021-04-11 15:28:07.893 [main] INFO  org.apache.coyote.http11.Http11NioProtocol - Initializing ProtocolHandler ["http-nio-8080"]
2021-04-11 15:28:07.894 [main] INFO  org.apache.catalina.core.StandardService - Starting service [Tomcat]
2021-04-11 15:28:07.894 [main] INFO  org.apache.catalina.core.StandardEngine - Starting Servlet engine: [Apache Tomcat/9.0.44]
2021-04-11 15:28:07.972 [main] INFO  o.a.c.c.ContainerBase.[Tomcat].[localhost].[/demo] - Initializing Spring embedded WebApplicationContext
2021-04-11 15:28:07.973 [main] INFO  o.s.b.w.s.c.ServletWebServerApplicationContext - Root WebApplicationContext: initialization completed in 819 ms
2021-04-11 15:28:08.114 [main] INFO  o.s.scheduling.concurrent.ThreadPoolTaskExecutor - Initializing ExecutorService 'applicationTaskExecutor'
2021-04-11 15:28:08.278 [main] INFO  org.apache.coyote.http11.Http11NioProtocol - Starting ProtocolHandler ["http-nio-8080"]
2021-04-11 15:28:08.295 [main] INFO  o.s.boot.web.embedded.tomcat.TomcatWebServer - Tomcat started on port(s): 8080 (http) with context path '/demo'
2021-04-11 15:28:08.304 [main] INFO  com.fankai.DemoApplication - Started DemoApplication in 1.724 seconds (JVM running for 2.576)
2021-04-11 15:28:15.209 [http-nio-8080-exec-1] INFO  o.a.c.c.ContainerBase.[Tomcat].[localhost].[/demo] - Initializing Spring DispatcherServlet 'dispatcherServlet'
2021-04-11 15:28:15.209 [http-nio-8080-exec-1] INFO  org.springframework.web.servlet.DispatcherServlet - Initializing Servlet 'dispatcherServlet'
2021-04-11 15:28:15.210 [http-nio-8080-exec-1] INFO  org.springframework.web.servlet.DispatcherServlet - Completed initialization in 1 ms
2021-04-11 15:28:28.703 [main] INFO  com.fankai.DemoApplication - Starting DemoApplication using Java 1.8.0_131 on fankai with PID 4060 (D:\java\ideaworkspace\workspace\demo\build\classes\java\main started by fk in D:\java\ideaworkspace\workspace\demo)
2021-04-11 15:28:28.705 [main] INFO  com.fankai.DemoApplication - The following profiles are active: dev
2021-04-11 15:28:29.549 [main] INFO  o.s.boot.web.embedded.tomcat.TomcatWebServer - Tomcat initialized with port(s): 8080 (http)
2021-04-11 15:28:29.558 [main] INFO  org.apache.coyote.http11.Http11NioProtocol - Initializing ProtocolHandler ["http-nio-8080"]
2021-04-11 15:28:29.559 [main] INFO  org.apache.catalina.core.StandardService - Starting service [Tomcat]
2021-04-11 15:28:29.559 [main] INFO  org.apache.catalina.core.StandardEngine - Starting Servlet engine: [Apache Tomcat/9.0.44]
2021-04-11 15:28:29.644 [main] INFO  o.a.c.c.ContainerBase.[Tomcat].[localhost].[/demo] - Initializing Spring embedded WebApplicationContext
2021-04-11 15:28:29.645 [main] INFO  o.s.b.w.s.c.ServletWebServerApplicationContext - Root WebApplicationContext: initialization completed in 903 ms
2021-04-11 15:28:29.797 [main] INFO  o.s.scheduling.concurrent.ThreadPoolTaskExecutor - Initializing ExecutorService 'applicationTaskExecutor'
2021-04-11 15:28:29.961 [main] INFO  org.apache.coyote.http11.Http11NioProtocol - Starting ProtocolHandler ["http-nio-8080"]
2021-04-11 15:28:29.976 [main] INFO  o.s.boot.web.embedded.tomcat.TomcatWebServer - Tomcat started on port(s): 8080 (http) with context path '/demo'
2021-04-11 15:28:29.985 [main] INFO  com.fankai.DemoApplication - Started DemoApplication in 1.835 seconds (JVM running for 2.64)
2021-04-11 15:28:34.116 [http-nio-8080-exec-1] INFO  o.a.c.c.ContainerBase.[Tomcat].[localhost].[/demo] - Initializing Spring DispatcherServlet 'dispatcherServlet'
2021-04-11 15:28:34.116 [http-nio-8080-exec-1] INFO  org.springframework.web.servlet.DispatcherServlet - Initializing Servlet 'dispatcherServlet'
2021-04-11 15:28:34.117 [http-nio-8080-exec-1] INFO  org.springframework.web.servlet.DispatcherServlet - Completed initialization in 1 ms
2021-04-11 15:31:53.313 [main] INFO  com.fankai.DemoApplication - Starting DemoApplication using Java 1.8.0_131 on fankai with PID 14016 (D:\java\ideaworkspace\workspace\demo\build\classes\java\main started by fk in D:\java\ideaworkspace\workspace\demo)
2021-04-11 15:31:53.316 [main] INFO  com.fankai.DemoApplication - The following profiles are active: dev
2021-04-11 15:31:54.013 [main] INFO  o.s.boot.web.embedded.tomcat.TomcatWebServer - Tomcat initialized with port(s): 8080 (http)
2021-04-11 15:31:54.020 [main] INFO  org.apache.coyote.http11.Http11NioProtocol - Initializing ProtocolHandler ["http-nio-8080"]
2021-04-11 15:31:54.021 [main] INFO  org.apache.catalina.core.StandardService - Starting service [Tomcat]
2021-04-11 15:31:54.021 [main] INFO  org.apache.catalina.core.StandardEngine - Starting Servlet engine: [Apache Tomcat/9.0.44]
2021-04-11 15:31:54.100 [main] INFO  o.a.c.c.ContainerBase.[Tomcat].[localhost].[/demo] - Initializing Spring embedded WebApplicationContext
2021-04-11 15:31:54.101 [main] INFO  o.s.b.w.s.c.ServletWebServerApplicationContext - Root WebApplicationContext: initialization completed in 747 ms
2021-04-11 15:31:54.261 [main] INFO  o.s.scheduling.concurrent.ThreadPoolTaskExecutor - Initializing ExecutorService 'applicationTaskExecutor'
2021-04-11 15:31:54.444 [main] INFO  org.apache.coyote.http11.Http11NioProtocol - Starting ProtocolHandler ["http-nio-8080"]
2021-04-11 15:31:54.460 [main] INFO  o.s.boot.web.embedded.tomcat.TomcatWebServer - Tomcat started on port(s): 8080 (http) with context path '/demo'
2021-04-11 15:31:54.471 [main] INFO  com.fankai.DemoApplication - Started DemoApplication in 1.716 seconds (JVM running for 2.538)
2021-04-11 15:31:59.526 [http-nio-8080-exec-1] INFO  o.a.c.c.ContainerBase.[Tomcat].[localhost].[/demo] - Initializing Spring DispatcherServlet 'dispatcherServlet'
2021-04-11 15:31:59.526 [http-nio-8080-exec-1] INFO  org.springframework.web.servlet.DispatcherServlet - Initializing Servlet 'dispatcherServlet'
2021-04-11 15:31:59.527 [http-nio-8080-exec-1] INFO  org.springframework.web.servlet.DispatcherServlet - Completed initialization in 0 ms
2021-04-11 15:32:20.330 [main] INFO  com.fankai.DemoApplication - Starting DemoApplication using Java 1.8.0_131 on fankai with PID 8320 (D:\java\ideaworkspace\workspace\demo\build\classes\java\main started by fk in D:\java\ideaworkspace\workspace\demo)
2021-04-11 15:32:20.333 [main] INFO  com.fankai.DemoApplication - The following profiles are active: dev
2021-04-11 15:32:21.054 [main] INFO  o.s.boot.web.embedded.tomcat.TomcatWebServer - Tomcat initialized with port(s): 8080 (http)
2021-04-11 15:32:21.063 [main] INFO  org.apache.coyote.http11.Http11NioProtocol - Initializing ProtocolHandler ["http-nio-8080"]
2021-04-11 15:32:21.063 [main] INFO  org.apache.catalina.core.StandardService - Starting service [Tomcat]
2021-04-11 15:32:21.064 [main] INFO  org.apache.catalina.core.StandardEngine - Starting Servlet engine: [Apache Tomcat/9.0.44]
2021-04-11 15:32:21.148 [main] INFO  o.a.c.c.ContainerBase.[Tomcat].[localhost].[/demo] - Initializing Spring embedded WebApplicationContext
2021-04-11 15:32:21.149 [main] INFO  o.s.b.w.s.c.ServletWebServerApplicationContext - Root WebApplicationContext: initialization completed in 777 ms
2021-04-11 15:32:21.293 [main] INFO  o.s.scheduling.concurrent.ThreadPoolTaskExecutor - Initializing ExecutorService 'applicationTaskExecutor'
2021-04-11 15:32:21.463 [main] INFO  org.apache.coyote.http11.Http11NioProtocol - Starting ProtocolHandler ["http-nio-8080"]
2021-04-11 15:32:21.482 [main] INFO  o.s.boot.web.embedded.tomcat.TomcatWebServer - Tomcat started on port(s): 8080 (http) with context path '/demo'
2021-04-11 15:32:21.491 [main] INFO  com.fankai.DemoApplication - Started DemoApplication in 1.705 seconds (JVM running for 2.592)
2021-04-11 15:32:24.776 [http-nio-8080-exec-1] INFO  o.a.c.c.ContainerBase.[Tomcat].[localhost].[/demo] - Initializing Spring DispatcherServlet 'dispatcherServlet'
2021-04-11 15:32:24.776 [http-nio-8080-exec-1] INFO  org.springframework.web.servlet.DispatcherServlet - Initializing Servlet 'dispatcherServlet'
2021-04-11 15:32:24.777 [http-nio-8080-exec-1] INFO  org.springframework.web.servlet.DispatcherServlet - Completed initialization in 1 ms
2021-04-11 15:34:51.857 [main] INFO  com.fankai.DemoApplication - Starting DemoApplication using Java 1.8.0_131 on fankai with PID 12824 (D:\java\ideaworkspace\workspace\demo\build\classes\java\main started by fk in D:\java\ideaworkspace\workspace\demo)
2021-04-11 15:34:51.859 [main] INFO  com.fankai.DemoApplication - The following profiles are active: dev
2021-04-11 15:34:52.552 [main] INFO  o.s.boot.web.embedded.tomcat.TomcatWebServer - Tomcat initialized with port(s): 8080 (http)
2021-04-11 15:34:52.559 [main] INFO  org.apache.coyote.http11.Http11NioProtocol - Initializing ProtocolHandler ["http-nio-8080"]
2021-04-11 15:34:52.560 [main] INFO  org.apache.catalina.core.StandardService - Starting service [Tomcat]
2021-04-11 15:34:52.560 [main] INFO  org.apache.catalina.core.StandardEngine - Starting Servlet engine: [Apache Tomcat/9.0.44]
2021-04-11 15:34:52.632 [main] INFO  o.a.c.c.ContainerBase.[Tomcat].[localhost].[/demo] - Initializing Spring embedded WebApplicationContext
2021-04-11 15:34:52.632 [main] INFO  o.s.b.w.s.c.ServletWebServerApplicationContext - Root WebApplicationContext: initialization completed in 737 ms
2021-04-11 15:34:52.756 [main] INFO  o.s.scheduling.concurrent.ThreadPoolTaskExecutor - Initializing ExecutorService 'applicationTaskExecutor'
2021-04-11 15:34:52.906 [main] INFO  org.apache.coyote.http11.Http11NioProtocol - Starting ProtocolHandler ["http-nio-8080"]
2021-04-11 15:34:52.923 [main] INFO  o.s.boot.web.embedded.tomcat.TomcatWebServer - Tomcat started on port(s): 8080 (http) with context path '/demo'
2021-04-11 15:34:52.931 [main] INFO  com.fankai.DemoApplication - Started DemoApplication in 1.595 seconds (JVM running for 2.397)
2021-04-11 15:35:00.299 [http-nio-8080-exec-1] INFO  o.a.c.c.ContainerBase.[Tomcat].[localhost].[/demo] - Initializing Spring DispatcherServlet 'dispatcherServlet'
2021-04-11 15:35:00.300 [http-nio-8080-exec-1] INFO  org.springframework.web.servlet.DispatcherServlet - Initializing Servlet 'dispatcherServlet'
2021-04-11 15:35:00.301 [http-nio-8080-exec-1] INFO  org.springframework.web.servlet.DispatcherServlet - Completed initialization in 1 ms
2021-04-11 15:37:10.387 [main] INFO  com.fankai.DemoApplication - Starting DemoApplication using Java 1.8.0_131 on fankai with PID 4960 (D:\java\ideaworkspace\workspace\demo\build\classes\java\main started by fk in D:\java\ideaworkspace\workspace\demo)
2021-04-11 15:37:10.390 [main] INFO  com.fankai.DemoApplication - The following profiles are active: dev
2021-04-11 15:37:11.106 [main] INFO  o.s.boot.web.embedded.tomcat.TomcatWebServer - Tomcat initialized with port(s): 8080 (http)
2021-04-11 15:37:11.113 [main] INFO  org.apache.coyote.http11.Http11NioProtocol - Initializing ProtocolHandler ["http-nio-8080"]
2021-04-11 15:37:11.114 [main] INFO  org.apache.catalina.core.StandardService - Starting service [Tomcat]
2021-04-11 15:37:11.114 [main] INFO  org.apache.catalina.core.StandardEngine - Starting Servlet engine: [Apache Tomcat/9.0.44]
2021-04-11 15:37:11.189 [main] INFO  o.a.c.c.ContainerBase.[Tomcat].[localhost].[/demo] - Initializing Spring embedded WebApplicationContext
2021-04-11 15:37:11.189 [main] INFO  o.s.b.w.s.c.ServletWebServerApplicationContext - Root WebApplicationContext: initialization completed in 761 ms
2021-04-11 15:37:11.322 [main] INFO  o.s.scheduling.concurrent.ThreadPoolTaskExecutor - Initializing ExecutorService 'applicationTaskExecutor'
2021-04-11 15:37:11.480 [main] INFO  org.apache.coyote.http11.Http11NioProtocol - Starting ProtocolHandler ["http-nio-8080"]
2021-04-11 15:37:11.497 [main] INFO  o.s.boot.web.embedded.tomcat.TomcatWebServer - Tomcat started on port(s): 8080 (http) with context path '/demo'
2021-04-11 15:37:11.506 [main] INFO  com.fankai.DemoApplication - Started DemoApplication in 1.649 seconds (JVM running for 2.534)
2021-04-11 15:37:15.770 [http-nio-8080-exec-1] INFO  o.a.c.c.ContainerBase.[Tomcat].[localhost].[/demo] - Initializing Spring DispatcherServlet 'dispatcherServlet'
2021-04-11 15:37:15.771 [http-nio-8080-exec-1] INFO  org.springframework.web.servlet.DispatcherServlet - Initializing Servlet 'dispatcherServlet'
2021-04-11 15:37:15.772 [http-nio-8080-exec-1] INFO  org.springframework.web.servlet.DispatcherServlet - Completed initialization in 1 ms
2021-04-11 15:40:16.975 [Test worker] INFO  com.fankai.DemoApplicationTests - Starting DemoApplicationTests using Java 1.8.0_131 on fankai with PID 4228 (started by fk in D:\java\ideaworkspace\workspace\demo)
2021-04-11 15:40:16.977 [Test worker] INFO  com.fankai.DemoApplicationTests - The following profiles are active: dev
2021-04-11 15:40:18.788 [Test worker] INFO  o.s.scheduling.concurrent.ThreadPoolTaskExecutor - Initializing ExecutorService 'applicationTaskExecutor'
2021-04-11 15:40:19.337 [Test worker] INFO  com.fankai.DemoApplicationTests - Started DemoApplicationTests in 2.909 seconds (JVM running for 4.568)
2021-04-11 15:40:19.818 [Test worker] INFO  com.fankai.DemoApplicationTests - info日志是第三低级别，默认输出
2021-04-11 15:40:19.851 [SpringContextShutdownHook] INFO  o.s.scheduling.concurrent.ThreadPoolTaskExecutor - Shutting down ExecutorService 'applicationTaskExecutor'
2021-04-11 15:40:45.659 [main] INFO  com.fankai.DemoApplication - Starting DemoApplication using Java 1.8.0_131 on fankai with PID 3428 (D:\java\ideaworkspace\workspace\demo\build\classes\java\main started by fk in D:\java\ideaworkspace\workspace\demo)
2021-04-11 15:40:45.662 [main] INFO  com.fankai.DemoApplication - The following profiles are active: dev
2021-04-11 15:40:46.478 [main] INFO  o.s.boot.web.embedded.tomcat.TomcatWebServer - Tomcat initialized with port(s): 8080 (http)
2021-04-11 15:40:46.489 [main] INFO  org.apache.coyote.http11.Http11NioProtocol - Initializing ProtocolHandler ["http-nio-8080"]
2021-04-11 15:40:46.490 [main] INFO  org.apache.catalina.core.StandardService - Starting service [Tomcat]
2021-04-11 15:40:46.490 [main] INFO  org.apache.catalina.core.StandardEngine - Starting Servlet engine: [Apache Tomcat/9.0.44]
2021-04-11 15:40:46.584 [main] INFO  o.a.c.c.ContainerBase.[Tomcat].[localhost].[/demo] - Initializing Spring embedded WebApplicationContext
2021-04-11 15:40:46.585 [main] INFO  o.s.b.w.s.c.ServletWebServerApplicationContext - Root WebApplicationContext: initialization completed in 883 ms
2021-04-11 15:40:46.758 [main] INFO  o.s.scheduling.concurrent.ThreadPoolTaskExecutor - Initializing ExecutorService 'applicationTaskExecutor'
2021-04-11 15:40:46.898 [main] INFO  org.apache.coyote.http11.Http11NioProtocol - Starting ProtocolHandler ["http-nio-8080"]
2021-04-11 15:40:46.914 [main] INFO  o.s.boot.web.embedded.tomcat.TomcatWebServer - Tomcat started on port(s): 8080 (http) with context path '/demo'
2021-04-11 15:40:46.921 [main] INFO  com.fankai.DemoApplication - Started DemoApplication in 1.87 seconds (JVM running for 2.699)
2021-04-11 15:41:00.788 [http-nio-8080-exec-1] INFO  o.a.c.c.ContainerBase.[Tomcat].[localhost].[/demo] - Initializing Spring DispatcherServlet 'dispatcherServlet'
2021-04-11 15:41:00.788 [http-nio-8080-exec-1] INFO  org.springframework.web.servlet.DispatcherServlet - Initializing Servlet 'dispatcherServlet'
2021-04-11 15:41:00.789 [http-nio-8080-exec-1] INFO  org.springframework.web.servlet.DispatcherServlet - Completed initialization in 1 ms
2021-04-11 15:42:36.962 [main] INFO  com.fankai.DemoApplication - Starting DemoApplication using Java 1.8.0_131 on fankai with PID 12396 (D:\java\ideaworkspace\workspace\demo\build\classes\java\main started by fk in D:\java\ideaworkspace\workspace\demo)
2021-04-11 15:42:36.964 [main] INFO  com.fankai.DemoApplication - The following profiles are active: dev
2021-04-11 15:42:37.705 [main] INFO  o.s.boot.web.embedded.tomcat.TomcatWebServer - Tomcat initialized with port(s): 8080 (http)
2021-04-11 15:42:37.714 [main] INFO  org.apache.coyote.http11.Http11NioProtocol - Initializing ProtocolHandler ["http-nio-8080"]
2021-04-11 15:42:37.715 [main] INFO  org.apache.catalina.core.StandardService - Starting service [Tomcat]
2021-04-11 15:42:37.715 [main] INFO  org.apache.catalina.core.StandardEngine - Starting Servlet engine: [Apache Tomcat/9.0.44]
2021-04-11 15:42:37.797 [main] INFO  o.a.c.c.ContainerBase.[Tomcat].[localhost].[/demo] - Initializing Spring embedded WebApplicationContext
2021-04-11 15:42:37.798 [main] INFO  o.s.b.w.s.c.ServletWebServerApplicationContext - Root WebApplicationContext: initialization completed in 794 ms
2021-04-11 15:42:37.953 [main] INFO  o.s.scheduling.concurrent.ThreadPoolTaskExecutor - Initializing ExecutorService 'applicationTaskExecutor'
2021-04-11 15:42:38.120 [main] INFO  org.apache.coyote.http11.Http11NioProtocol - Starting ProtocolHandler ["http-nio-8080"]
2021-04-11 15:42:38.140 [main] INFO  o.s.boot.web.embedded.tomcat.TomcatWebServer - Tomcat started on port(s): 8080 (http) with context path '/demo'
2021-04-11 15:42:38.148 [main] INFO  com.fankai.DemoApplication - Started DemoApplication in 1.719 seconds (JVM running for 2.641)
2021-04-11 15:42:50.842 [http-nio-8080-exec-1] INFO  o.a.c.c.ContainerBase.[Tomcat].[localhost].[/demo] - Initializing Spring DispatcherServlet 'dispatcherServlet'
2021-04-11 15:42:50.842 [http-nio-8080-exec-1] INFO  org.springframework.web.servlet.DispatcherServlet - Initializing Servlet 'dispatcherServlet'
2021-04-11 15:42:50.843 [http-nio-8080-exec-1] INFO  org.springframework.web.servlet.DispatcherServlet - Completed initialization in 1 ms
2021-04-11 15:43:12.690 [main] INFO  com.fankai.DemoApplication - Starting DemoApplication using Java 1.8.0_131 on fankai with PID 5220 (D:\java\ideaworkspace\workspace\demo\build\classes\java\main started by fk in D:\java\ideaworkspace\workspace\demo)
2021-04-11 15:43:12.694 [main] INFO  com.fankai.DemoApplication - The following profiles are active: dev
2021-04-11 15:43:13.986 [main] INFO  o.s.boot.web.embedded.tomcat.TomcatWebServer - Tomcat initialized with port(s): 8080 (http)
2021-04-11 15:43:13.999 [main] INFO  org.apache.coyote.http11.Http11NioProtocol - Initializing ProtocolHandler ["http-nio-8080"]
2021-04-11 15:43:14.000 [main] INFO  org.apache.catalina.core.StandardService - Starting service [Tomcat]
2021-04-11 15:43:14.000 [main] INFO  org.apache.catalina.core.StandardEngine - Starting Servlet engine: [Apache Tomcat/9.0.44]
2021-04-11 15:43:14.104 [main] INFO  o.a.c.c.ContainerBase.[Tomcat].[localhost].[/demo] - Initializing Spring embedded WebApplicationContext
2021-04-11 15:43:14.104 [main] INFO  o.s.b.w.s.c.ServletWebServerApplicationContext - Root WebApplicationContext: initialization completed in 1342 ms
2021-04-11 15:43:14.356 [main] INFO  o.s.scheduling.concurrent.ThreadPoolTaskExecutor - Initializing ExecutorService 'applicationTaskExecutor'
2021-04-11 15:43:14.649 [main] INFO  org.apache.coyote.http11.Http11NioProtocol - Starting ProtocolHandler ["http-nio-8080"]
2021-04-11 15:43:14.685 [main] INFO  o.s.boot.web.embedded.tomcat.TomcatWebServer - Tomcat started on port(s): 8080 (http) with context path '/demo'
2021-04-11 15:43:14.698 [main] INFO  com.fankai.DemoApplication - Started DemoApplication in 2.945 seconds (JVM running for 4.753)
2021-04-11 15:43:19.539 [http-nio-8080-exec-2] INFO  o.a.c.c.ContainerBase.[Tomcat].[localhost].[/demo] - Initializing Spring DispatcherServlet 'dispatcherServlet'
2021-04-11 15:43:19.539 [http-nio-8080-exec-2] INFO  org.springframework.web.servlet.DispatcherServlet - Initializing Servlet 'dispatcherServlet'
2021-04-11 15:43:19.540 [http-nio-8080-exec-2] INFO  org.springframework.web.servlet.DispatcherServlet - Completed initialization in 1 ms
2021-04-11 15:43:57.168 [SpringContextShutdownHook] INFO  o.s.scheduling.concurrent.ThreadPoolTaskExecutor - Shutting down ExecutorService 'applicationTaskExecutor'
2021-04-11 15:44:01.633 [main] INFO  com.fankai.DemoApplication - Starting DemoApplication using Java 1.8.0_131 on fankai with PID 8680 (D:\java\ideaworkspace\workspace\demo\build\classes\java\main started by fk in D:\java\ideaworkspace\workspace\demo)
2021-04-11 15:44:01.639 [main] INFO  com.fankai.DemoApplication - The following profiles are active: dev
2021-04-11 15:44:02.757 [main] INFO  o.s.boot.web.embedded.tomcat.TomcatWebServer - Tomcat initialized with port(s): 8080 (http)
2021-04-11 15:44:02.767 [main] INFO  org.apache.coyote.http11.Http11NioProtocol - Initializing ProtocolHandler ["http-nio-8080"]
2021-04-11 15:44:02.768 [main] INFO  org.apache.catalina.core.StandardService - Starting service [Tomcat]
2021-04-11 15:44:02.768 [main] INFO  org.apache.catalina.core.StandardEngine - Starting Servlet engine: [Apache Tomcat/9.0.44]
2021-04-11 15:44:02.853 [main] INFO  o.a.c.c.ContainerBase.[Tomcat].[localhost].[/demo] - Initializing Spring embedded WebApplicationContext
2021-04-11 15:44:02.853 [main] INFO  o.s.b.w.s.c.ServletWebServerApplicationContext - Root WebApplicationContext: initialization completed in 1152 ms
2021-04-11 15:44:03.083 [main] INFO  o.s.scheduling.concurrent.ThreadPoolTaskExecutor - Initializing ExecutorService 'applicationTaskExecutor'
2021-04-11 15:44:03.319 [main] INFO  org.apache.coyote.http11.Http11NioProtocol - Starting ProtocolHandler ["http-nio-8080"]
2021-04-11 15:44:03.397 [main] INFO  o.s.boot.web.embedded.tomcat.TomcatWebServer - Tomcat started on port(s): 8080 (http) with context path '/demo'
2021-04-11 15:44:03.422 [main] INFO  com.fankai.DemoApplication - Started DemoApplication in 2.465 seconds (JVM running for 3.907)
2021-04-11 15:44:10.267 [http-nio-8080-exec-1] INFO  o.a.c.c.ContainerBase.[Tomcat].[localhost].[/demo] - Initializing Spring DispatcherServlet 'dispatcherServlet'
2021-04-11 15:44:10.268 [http-nio-8080-exec-1] INFO  org.springframework.web.servlet.DispatcherServlet - Initializing Servlet 'dispatcherServlet'
2021-04-11 15:44:10.269 [http-nio-8080-exec-1] INFO  org.springframework.web.servlet.DispatcherServlet - Completed initialization in 1 ms
2021-04-11 15:44:48.089 [SpringContextShutdownHook] INFO  o.s.scheduling.concurrent.ThreadPoolTaskExecutor - Shutting down ExecutorService 'applicationTaskExecutor'
2021-04-11 15:52:39.475 [main] INFO  com.fankai.DemoApplication - Starting DemoApplication using Java 1.8.0_131 on fankai with PID 2024 (D:\java\ideaworkspace\workspace\demo\build\classes\java\main started by fk in D:\java\ideaworkspace\workspace\demo)
2021-04-11 15:52:39.479 [main] INFO  com.fankai.DemoApplication - The following profiles are active: dev
2021-04-11 15:52:40.888 [main] INFO  o.s.boot.web.embedded.tomcat.TomcatWebServer - Tomcat initialized with port(s): 8080 (http)
2021-04-11 15:52:40.913 [main] INFO  org.apache.coyote.http11.Http11NioProtocol - Initializing ProtocolHandler ["http-nio-8080"]
2021-04-11 15:52:40.914 [main] INFO  org.apache.catalina.core.StandardService - Starting service [Tomcat]
2021-04-11 15:52:40.914 [main] INFO  org.apache.catalina.core.StandardEngine - Starting Servlet engine: [Apache Tomcat/9.0.44]
2021-04-11 15:52:41.089 [main] INFO  o.a.c.c.ContainerBase.[Tomcat].[localhost].[/demo] - Initializing Spring embedded WebApplicationContext
2021-04-11 15:52:41.090 [main] INFO  o.s.b.w.s.c.ServletWebServerApplicationContext - Root WebApplicationContext: initialization completed in 1543 ms
2021-04-11 15:52:41.441 [main] INFO  o.s.scheduling.concurrent.ThreadPoolTaskExecutor - Initializing ExecutorService 'applicationTaskExecutor'
2021-04-11 15:52:41.745 [main] INFO  org.apache.coyote.http11.Http11NioProtocol - Starting ProtocolHandler ["http-nio-8080"]
2021-04-11 15:52:41.783 [main] INFO  o.s.boot.web.embedded.tomcat.TomcatWebServer - Tomcat started on port(s): 8080 (http) with context path '/demo'
2021-04-11 15:52:41.794 [main] INFO  com.fankai.DemoApplication - Started DemoApplication in 3.268 seconds (JVM running for 4.891)
2021-04-11 15:52:41.996 [http-nio-8080-exec-1] INFO  o.a.c.c.ContainerBase.[Tomcat].[localhost].[/demo] - Initializing Spring DispatcherServlet 'dispatcherServlet'
2021-04-11 15:52:41.997 [http-nio-8080-exec-1] INFO  org.springframework.web.servlet.DispatcherServlet - Initializing Servlet 'dispatcherServlet'
2021-04-11 15:52:41.998 [http-nio-8080-exec-1] INFO  org.springframework.web.servlet.DispatcherServlet - Completed initialization in 1 ms
2021-04-11 15:57:28.373 [Test worker] INFO  com.fankai.DemoApplicationTests - Starting DemoApplicationTests using Java 1.8.0_131 on fankai with PID 7028 (started by fk in D:\java\ideaworkspace\workspace\demo)
2021-04-11 15:57:28.374 [Test worker] INFO  com.fankai.DemoApplicationTests - The following profiles are active: dev
2021-04-11 15:57:30.094 [Test worker] INFO  o.s.scheduling.concurrent.ThreadPoolTaskExecutor - Initializing ExecutorService 'applicationTaskExecutor'
2021-04-11 15:57:30.646 [Test worker] INFO  com.fankai.DemoApplicationTests - Started DemoApplicationTests in 2.827 seconds (JVM running for 4.541)
2021-04-11 15:57:31.137 [Test worker] INFO  com.fankai.DemoApplicationTests - info日志是第三低级别，默认输出
2021-04-11 15:57:31.164 [SpringContextShutdownHook] INFO  o.s.scheduling.concurrent.ThreadPoolTaskExecutor - Shutting down ExecutorService 'applicationTaskExecutor'
2021-04-11 15:58:03.411 [SpringContextShutdownHook] INFO  o.s.scheduling.concurrent.ThreadPoolTaskExecutor - Shutting down ExecutorService 'applicationTaskExecutor'
2021-04-11 15:58:06.441 [main] INFO  com.fankai.DemoApplication - Starting DemoApplication using Java 1.8.0_131 on fankai with PID 11328 (D:\java\ideaworkspace\workspace\demo\build\classes\java\main started by fk in D:\java\ideaworkspace\workspace\demo)
2021-04-11 15:58:06.446 [main] INFO  com.fankai.DemoApplication - The following profiles are active: dev
2021-04-11 15:58:07.440 [main] INFO  o.s.boot.web.embedded.tomcat.TomcatWebServer - Tomcat initialized with port(s): 8080 (http)
2021-04-11 15:58:07.450 [main] INFO  org.apache.coyote.http11.Http11NioProtocol - Initializing ProtocolHandler ["http-nio-8080"]
2021-04-11 15:58:07.451 [main] INFO  org.apache.catalina.core.StandardService - Starting service [Tomcat]
2021-04-11 15:58:07.451 [main] INFO  org.apache.catalina.core.StandardEngine - Starting Servlet engine: [Apache Tomcat/9.0.44]
2021-04-11 15:58:07.535 [main] INFO  o.a.c.c.ContainerBase.[Tomcat].[localhost].[/demo] - Initializing Spring embedded WebApplicationContext
2021-04-11 15:58:07.535 [main] INFO  o.s.b.w.s.c.ServletWebServerApplicationContext - Root WebApplicationContext: initialization completed in 1023 ms
2021-04-11 15:58:07.794 [main] INFO  o.s.scheduling.concurrent.ThreadPoolTaskExecutor - Initializing ExecutorService 'applicationTaskExecutor'
2021-04-11 15:58:07.993 [main] INFO  org.apache.coyote.http11.Http11NioProtocol - Starting ProtocolHandler ["http-nio-8080"]
2021-04-11 15:58:08.020 [main] INFO  o.s.boot.web.embedded.tomcat.TomcatWebServer - Tomcat started on port(s): 8080 (http) with context path '/demo'
2021-04-11 15:58:08.033 [main] INFO  com.fankai.DemoApplication - Started DemoApplication in 2.382 seconds (JVM running for 3.485)
2021-04-11 15:58:27.174 [http-nio-8080-exec-1] INFO  o.a.c.c.ContainerBase.[Tomcat].[localhost].[/demo] - Initializing Spring DispatcherServlet 'dispatcherServlet'
2021-04-11 15:58:27.175 [http-nio-8080-exec-1] INFO  org.springframework.web.servlet.DispatcherServlet - Initializing Servlet 'dispatcherServlet'
2021-04-11 15:58:27.176 [http-nio-8080-exec-1] INFO  org.springframework.web.servlet.DispatcherServlet - Completed initialization in 1 ms
2021-04-11 17:42:56.889 [SpringContextShutdownHook] INFO  o.s.scheduling.concurrent.ThreadPoolTaskExecutor - Shutting down ExecutorService 'applicationTaskExecutor'
2021-04-11 17:43:00.311 [main] INFO  com.fankai.DemoApplication - Starting DemoApplication using Java 1.8.0_131 on fankai with PID 3124 (D:\java\ideaworkspace\workspace\demo\build\classes\java\main started by fk in D:\java\ideaworkspace\workspace\demo)
2021-04-11 17:43:00.315 [main] INFO  com.fankai.DemoApplication - The following profiles are active: dev
2021-04-11 17:43:01.342 [main] INFO  o.s.boot.web.embedded.tomcat.TomcatWebServer - Tomcat initialized with port(s): 8080 (http)
2021-04-11 17:43:01.352 [main] INFO  org.apache.coyote.http11.Http11NioProtocol - Initializing ProtocolHandler ["http-nio-8080"]
2021-04-11 17:43:01.354 [main] INFO  org.apache.catalina.core.StandardService - Starting service [Tomcat]
2021-04-11 17:43:01.354 [main] INFO  org.apache.catalina.core.StandardEngine - Starting Servlet engine: [Apache Tomcat/9.0.44]
2021-04-11 17:43:01.454 [main] INFO  o.a.c.c.ContainerBase.[Tomcat].[localhost].[/demo] - Initializing Spring embedded WebApplicationContext
2021-04-11 17:43:01.454 [main] INFO  o.s.b.w.s.c.ServletWebServerApplicationContext - Root WebApplicationContext: initialization completed in 1080 ms
2021-04-11 17:43:01.660 [main] INFO  o.s.scheduling.concurrent.ThreadPoolTaskExecutor - Initializing ExecutorService 'applicationTaskExecutor'
2021-04-11 17:43:01.867 [main] INFO  org.apache.coyote.http11.Http11NioProtocol - Starting ProtocolHandler ["http-nio-8080"]
2021-04-11 17:43:01.899 [main] INFO  o.s.boot.web.embedded.tomcat.TomcatWebServer - Tomcat started on port(s): 8080 (http) with context path '/demo'
2021-04-11 17:43:01.909 [main] INFO  com.fankai.DemoApplication - Started DemoApplication in 2.385 seconds (JVM running for 3.774)
2021-04-11 17:43:17.653 [http-nio-8080-exec-1] INFO  o.a.c.c.ContainerBase.[Tomcat].[localhost].[/demo] - Initializing Spring DispatcherServlet 'dispatcherServlet'
2021-04-11 17:43:17.653 [http-nio-8080-exec-1] INFO  org.springframework.web.servlet.DispatcherServlet - Initializing Servlet 'dispatcherServlet'
2021-04-11 17:43:17.654 [http-nio-8080-exec-1] INFO  org.springframework.web.servlet.DispatcherServlet - Completed initialization in 0 ms
2021-04-11 17:47:03.511 [SpringContextShutdownHook] INFO  o.s.scheduling.concurrent.ThreadPoolTaskExecutor - Shutting down ExecutorService 'applicationTaskExecutor'
